<?xml version="1.0" encoding="UTF-8"?>
<!-- Generated by org.testng.reporters.JUnitXMLReporter -->
<testsuite ignored="0" hostname="LDCHLAP-PRADEEP" failures="0" tests="4" name="Test" time="0.151" errors="0" timestamp="2020-12-24T11:29:19 IST">
  <testcase classname="test.Sample5" name="advancedsearch" time="0.016"/>
  <testcase classname="test.Sample5" name="login" time="0.001"/>
  <testcase classname="test.Sample5" name="logout" time="0.001"/>
  <testcase classname="test.Sample5" name="search" time="0.001"/>
</testsuite> <!-- Test -->
