<?xml version="1.0" encoding="UTF-8"?>
<testng-results ignored="0" total="1" passed="1" failed="0" skipped="0">
  <reporter-output>
  </reporter-output>
  <suite started-at="2021-04-21T08:41:29 IST" name="Default suite" finished-at="2021-04-21T08:41:33 IST" duration-ms="4133">
    <groups>
    </groups>
    <test started-at="2021-04-21T08:41:29 IST" name="Default test" finished-at="2021-04-21T08:41:33 IST" duration-ms="4133">
      <class name="test.Login_Page">
        <test-method signature="login()[pri:0, instance:test.Login_Page@5552768b]" started-at="2021-04-21T08:41:29 IST" name="login" finished-at="2021-04-21T08:41:33 IST" duration-ms="4109" status="PASS">
          <reporter-output>
          </reporter-output>
        </test-method> <!-- login -->
      </class> <!-- test.Login_Page -->
    </test> <!-- Default test -->
  </suite> <!-- Default suite -->
</testng-results>
